Add Component: Footprint Not Found CAPACITOR_0402_1005M_55N
Add Component: Footprint Not Found CAPACITOR_0805_2012M-70N
Add Component: Footprint Not Found CAPACITOR_0402_1005M_55N
Add Component: Footprint Not Found CAPACITOR_0402_1005M_55N
Add Component: Footprint Not Found CAPACITOR_0402_1005M_55N
Add Component: Footprint Not Found CAPACITOR_0402_1005M_55N
Add Component: Footprint Not Found CAPACITOR_0402_1005M_55N
Add Component: Footprint Not Found CAPACITOR_0402_1005M_55N
Add Component: Footprint Not Found CAPACITOR_0805_2012M-70N
Add Component: Footprint Not Found CAPACITOR_0402_1005M_55N
Add Component: Footprint Not Found CAPACITOR_0402_1005M_55N
Add Component: Footprint Not Found CAPACITOR_0402_1005M_55N
Add Component: Footprint Not Found CAPACITOR_0402_1005M_55N
Add Component: Footprint Not Found CAPACITOR_0402_1005M_55N
Add Component: Footprint Not Found CAPACITOR_0402_1005M_55N
Add Component: Footprint Not Found CAPACITOR_0402_1005M_55N
Add Component: Footprint Not Found CAPACITOR_0402_1005M_55N
Add Component: Footprint Not Found CAPACITOR_0805_2012M-70N
Add Component: Footprint Not Found CAPACITOR_0402_1005M_55N
Add Component: Footprint Not Found CAPACITOR_0402_1005M_55N
Add Component: Footprint Not Found CAPACITOR_0402_1005M_55N
Add Component: Footprint Not Found CAPACITOR_0402_1005M_55N
Add Component: Footprint Not Found CAPACITOR_0402_1005M_55N
Add Component: Footprint Not Found CAPACITOR_0402_1005M_55N
Added Component: Designator=R2(RESISTOR_0805_2012M-50N)
Add component (AddParameter): Name = "MF Part No."; Value = ""; VariantName = "[No Variations]"
Add component (AddParameter): Name = "Package"; Value = ""; VariantName = "[No Variations]"
Add component (AddParameter): Name = "Power"; Value = ""; VariantName = "[No Variations]"
Add component (AddParameter): Name = "Rated Voltage"; Value = ""; VariantName = "[No Variations]"
Add component (AddParameter): Name = "Supplier 1"; Value = ""; VariantName = "[No Variations]"
Add component (AddParameter): Name = "Supplier 1 Part No."; Value = ""; VariantName = "[No Variations]"
Add component (AddParameter): Name = "Supplier 2"; Value = ""; VariantName = "[No Variations]"
Add component (AddParameter): Name = "Supplier 2 Part No."; Value = ""; VariantName = "[No Variations]"
Add component (AddParameter): Name = "Temp Range"; Value = ""; VariantName = "[No Variations]"
Add component (AddParameter): Name = "Temperature Coefficient"; Value = ""; VariantName = "[No Variations]"
Add component (AddParameter): Name = "Tolerance"; Value = "?%"; VariantName = "[No Variations]"
Add component (AddParameter): Name = "Value"; Value = "200"; VariantName = "[No Variations]"
Added Component: Designator=R3(RESISTOR_0805_2012M-50N)
Add component (AddParameter): Name = "MF Part No."; Value = ""; VariantName = "[No Variations]"
Add component (AddParameter): Name = "Package"; Value = ""; VariantName = "[No Variations]"
Add component (AddParameter): Name = "Power"; Value = ""; VariantName = "[No Variations]"
Add component (AddParameter): Name = "Rated Voltage"; Value = ""; VariantName = "[No Variations]"
Add component (AddParameter): Name = "Supplier 1"; Value = ""; VariantName = "[No Variations]"
Add component (AddParameter): Name = "Supplier 1 Part No."; Value = ""; VariantName = "[No Variations]"
Add component (AddParameter): Name = "Supplier 2"; Value = ""; VariantName = "[No Variations]"
Add component (AddParameter): Name = "Supplier 2 Part No."; Value = ""; VariantName = "[No Variations]"
Add component (AddParameter): Name = "Temp Range"; Value = ""; VariantName = "[No Variations]"
Add component (AddParameter): Name = "Temperature Coefficient"; Value = ""; VariantName = "[No Variations]"
Add component (AddParameter): Name = "Tolerance"; Value = "?%"; VariantName = "[No Variations]"
Add component (AddParameter): Name = "Value"; Value = "20k"; VariantName = "[No Variations]"
Added Component: Designator=R4(RESISTOR_0805_2012M-50N)
Add component (AddParameter): Name = "MF Part No."; Value = ""; VariantName = "[No Variations]"
Add component (AddParameter): Name = "Package"; Value = ""; VariantName = "[No Variations]"
Add component (AddParameter): Name = "Power"; Value = ""; VariantName = "[No Variations]"
Add component (AddParameter): Name = "Rated Voltage"; Value = ""; VariantName = "[No Variations]"
Add component (AddParameter): Name = "Supplier 1"; Value = ""; VariantName = "[No Variations]"
Add component (AddParameter): Name = "Supplier 1 Part No."; Value = ""; VariantName = "[No Variations]"
Add component (AddParameter): Name = "Supplier 2"; Value = ""; VariantName = "[No Variations]"
Add component (AddParameter): Name = "Supplier 2 Part No."; Value = ""; VariantName = "[No Variations]"
Add component (AddParameter): Name = "Temp Range"; Value = ""; VariantName = "[No Variations]"
Add component (AddParameter): Name = "Temperature Coefficient"; Value = ""; VariantName = "[No Variations]"
Add component (AddParameter): Name = "Tolerance"; Value = "?%"; VariantName = "[No Variations]"
Add component (AddParameter): Name = "Value"; Value = "20k"; VariantName = "[No Variations]"
Add Component: Footprint Not Found RESISTOR_0402_1005M_37N
Add Component: Footprint Not Found RESISTOR_0402_1005M_37N
Add Component: Footprint Not Found RESISTOR_0402_1005M_37N
Add Component: Footprint Not Found RESISTOR_0402_1005M_37N
Add Component: Footprint Not Found RESISTOR_0402_1005M_37N
Add Component: Footprint Not Found RESISTOR_0402_1005M_37N
Add Component: Footprint Not Found RESISTOR_0402_1005M_37N
Add Component: Footprint Not Found RESISTOR_0402_1005M_37N
Add Component: Footprint Not Found RESISTOR_0402_1005M_37N
Add Component: Footprint Not Found RESISTOR_0402_1005M_37N
Add Component: Footprint Not Found RESISTOR_0402_1005M_37N
Add Component: Footprint Not Found RESISTOR_0402_1005M_37N
Add Component: Footprint Not Found RESISTOR_0402_1005M_37N
Add Component: Footprint Not Found RESISTOR_0402_1005M_37N
Add Component: Footprint Not Found RESISTOR_0402_1005M_37N
Add Component: Footprint Not Found RESISTOR_0402_1005M_37N
Add Component: Footprint Not Found RESISTOR_0402_1005M_37N
Add Component: Footprint Not Found RESISTOR_0402_1005M_37N
Add Component: Footprint Not Found RESISTOR_0402_1005M_37N
Add Component: Footprint Not Found RESISTOR_0402_1005M_37N
Add Component: Footprint Not Found RESISTOR_0402_1005M_37N
Add Component: Footprint Not Found RESISTOR_0402_1005M_37N
Add Component: Footprint Not Found RESISTOR_0402_1005M_37N
Add Component: Footprint Not Found RESISTOR_0402_1005M_37N
Add Component: Footprint Not Found RESISTOR_0402_1005M_37N
Add Component: Footprint Not Found RESISTOR_0402_1005M_37N
Add Component: Footprint Not Found RESISTOR_0402_1005M_37N
Add Component: Footprint Not Found RESISTOR_0402_1005M_37N
Add Component: Footprint Not Found RESISTOR_0402_1005M_37N
Add Component: Footprint Not Found RESISTOR_0402_1005M_37N
Add Component: Footprint Not Found RESISTOR_0402_1005M_37N
Add Component: Footprint Not Found RESISTOR_0402_1005M_37N
Add Component: Footprint Not Found SOT-583-2.1mmx1.6mmBody-0.6mm
Add Component: Footprint Not Found SOT-583-2.1mmx1.6mmBody-0.6mm
Add Component: Footprint Not Found SOT-583-2.1mmx1.6mmBody-0.6mm
Add Pin To Net: Unknown Pin: Pin C1-1
Add Pin To Net: Unknown Pin: Pin C1-2
Add Pin To Net: Unknown Pin: Pin C2-1
Add Pin To Net: Unknown Pin: Pin C2-2
Add Pin To Net: Unknown Pin: Pin C3-1
Add Pin To Net: Unknown Pin: Pin C3-2
Add Pin To Net: Unknown Pin: Pin C4-1
Add Pin To Net: Unknown Pin: Pin C4-2
Add Pin To Net: Unknown Pin: Pin C5-1
Add Pin To Net: Unknown Pin: Pin C5-2
Add Pin To Net: Unknown Pin: Pin C6-1
Add Pin To Net: Unknown Pin: Pin C6-2
Add Pin To Net: Unknown Pin: Pin C7-1
Add Pin To Net: Unknown Pin: Pin C7-2
Add Pin To Net: Unknown Pin: Pin C8-1
Add Pin To Net: Unknown Pin: Pin C8-2
Add Pin To Net: Unknown Pin: Pin C9-1
Add Pin To Net: Unknown Pin: Pin C9-2
Add Pin To Net: Unknown Pin: Pin C10-1
Add Pin To Net: Unknown Pin: Pin C10-2
Add Pin To Net: Unknown Pin: Pin C11-1
Add Pin To Net: Unknown Pin: Pin C11-2
Add Pin To Net: Unknown Pin: Pin C12-1
Add Pin To Net: Unknown Pin: Pin C12-2
Add Pin To Net: Unknown Pin: Pin C13-1
Add Pin To Net: Unknown Pin: Pin C13-2
Add Pin To Net: Unknown Pin: Pin C14-1
Add Pin To Net: Unknown Pin: Pin C14-2
Add Pin To Net: Unknown Pin: Pin C15-1
Add Pin To Net: Unknown Pin: Pin C15-2
Add Pin To Net: Unknown Pin: Pin C16-1
Add Pin To Net: Unknown Pin: Pin C16-2
Add Pin To Net: Unknown Pin: Pin C17-1
Add Pin To Net: Unknown Pin: Pin C17-2
Add Pin To Net: Unknown Pin: Pin C18-1
Add Pin To Net: Unknown Pin: Pin C18-2
Add Pin To Net: Unknown Pin: Pin C19-1
Add Pin To Net: Unknown Pin: Pin C19-2
Add Pin To Net: Unknown Pin: Pin C20-1
Add Pin To Net: Unknown Pin: Pin C20-2
Add Pin To Net: Unknown Pin: Pin C21-1
Add Pin To Net: Unknown Pin: Pin C21-2
Add Pin To Net: Unknown Pin: Pin C22-1
Add Pin To Net: Unknown Pin: Pin C22-2
Add Pin To Net: Unknown Pin: Pin C23-1
Add Pin To Net: Unknown Pin: Pin C23-2
Add Pin To Net: Unknown Pin: Pin C24-1
Add Pin To Net: Unknown Pin: Pin C24-2
Added Pin To Net: NetName=3V3_OUT Pin=R2-2
Added Pin To Net: NetName=NetR3_1 Pin=R3-1
Added Pin To Net: NetName=NetC6_2 Pin=R4-1
Added Pin To Net: NetName=NetR3_1 Pin=R4-2
Add Pin To Net: Unknown Pin: Pin R5-1
Add Pin To Net: Unknown Pin: Pin R6A-1
Add Pin To Net: Unknown Pin: Pin R6A-2
Add Pin To Net: Unknown Pin: Pin R6B-1
Add Pin To Net: Unknown Pin: Pin R6B-2
Add Pin To Net: Unknown Pin: Pin R7-1
Add Pin To Net: Unknown Pin: Pin R7-2
Add Pin To Net: Unknown Pin: Pin R8-2
Add Pin To Net: Unknown Pin: Pin R9-1
Add Pin To Net: Unknown Pin: Pin R10-1
Add Pin To Net: Unknown Pin: Pin R10-2
Add Pin To Net: Unknown Pin: Pin R11-1
Add Pin To Net: Unknown Pin: Pin R11-2
Add Pin To Net: Unknown Pin: Pin R13-1
Add Pin To Net: Unknown Pin: Pin R13-2
Add Pin To Net: Unknown Pin: Pin R14-2
Add Pin To Net: Unknown Pin: Pin R15-1
Add Pin To Net: Unknown Pin: Pin R16-1
Add Pin To Net: Unknown Pin: Pin R16-2
Add Pin To Net: Unknown Pin: Pin R17-1
Add Pin To Net: Unknown Pin: Pin R17-2
Add Pin To Net: Unknown Pin: Pin R18-1
Add Pin To Net: Unknown Pin: Pin R18-2
Add Pin To Net: Unknown Pin: Pin R19-1
Add Pin To Net: Unknown Pin: Pin R19-2
Add Pin To Net: Unknown Pin: Pin R20-1
Add Pin To Net: Unknown Pin: Pin R20-2
Add Pin To Net: Unknown Pin: Pin R21-1
Add Pin To Net: Unknown Pin: Pin R21-2
Add Pin To Net: Unknown Pin: Pin R22-2
Add Pin To Net: Unknown Pin: Pin R23-1
Add Pin To Net: Unknown Pin: Pin R23-2
Add Pin To Net: Unknown Pin: Pin R24-1
Add Pin To Net: Unknown Pin: Pin R24-2
Add Pin To Net: Unknown Pin: Pin R25-1
Add Pin To Net: Unknown Pin: Pin R25-2
Add Pin To Net: Unknown Pin: Pin R26-1
Add Pin To Net: Unknown Pin: Pin R26-2
Add Pin To Net: Unknown Pin: Pin R27-1
Add Pin To Net: Unknown Pin: Pin R27-2
Add Pin To Net: Unknown Pin: Pin R28-1
Add Pin To Net: Unknown Pin: Pin R28-2
Add Pin To Net: Unknown Pin: Pin R29-1
Add Pin To Net: Unknown Pin: Pin R29-2
Add Pin To Net: Unknown Pin: Pin R30-1
Add Pin To Net: Unknown Pin: Pin R30-2
Add Pin To Net: Unknown Pin: Pin R31-1
Add Pin To Net: Unknown Pin: Pin R31-2
Add Pin To Net: Unknown Pin: Pin R32-1
Add Pin To Net: Unknown Pin: Pin R32-2
Add Pin To Net: Unknown Pin: Pin R33-1
Add Pin To Net: Unknown Pin: Pin R33-2
Add Pin To Net: Unknown Pin: Pin R34-1
Add Pin To Net: Unknown Pin: Pin R34-2
Add Pin To Net: Unknown Pin: Pin R35-1
Add Pin To Net: Unknown Pin: Pin R35-2
Add Pin To Net: Unknown Pin: Pin R36-1
Add Pin To Net: Unknown Pin: Pin R36-2
Add Pin To Net: Unknown Pin: Pin U1-1
Add Pin To Net: Unknown Pin: Pin U1-2
Add Pin To Net: Unknown Pin: Pin U1-3
Add Pin To Net: Unknown Pin: Pin U1-4
Add Pin To Net: Unknown Pin: Pin U1-5
Add Pin To Net: Unknown Pin: Pin U1-6
Add Pin To Net: Unknown Pin: Pin U1-7
Add Pin To Net: Unknown Pin: Pin U1-8
Add Pin To Net: Unknown Pin: Pin U2-1
Add Pin To Net: Unknown Pin: Pin U2-2
Add Pin To Net: Unknown Pin: Pin U2-3
Add Pin To Net: Unknown Pin: Pin U2-4
Add Pin To Net: Unknown Pin: Pin U2-5
Add Pin To Net: Unknown Pin: Pin U2-6
Add Pin To Net: Unknown Pin: Pin U2-7
Add Pin To Net: Unknown Pin: Pin U2-8
Add Pin To Net: Unknown Pin: Pin U?-1
Add Pin To Net: Unknown Pin: Pin U?-2
Add Pin To Net: Unknown Pin: Pin U?-3
Add Pin To Net: Unknown Pin: Pin U?-4
Add Pin To Net: Unknown Pin: Pin U?-5
Add Pin To Net: Unknown Pin: Pin U?-6
Add Pin To Net: Unknown Pin: Pin U?-7
Add Pin To Net: Unknown Pin: Pin U?-8
Added Pin To Net: NetName=NetR2_1 Pin=R2-1
Added Pin To Net: NetName=NetR2_1 Pin=R3-2
Added Net: Name=NetR2_1
Add Class Member: Failed to add class member : Component C1 22uF
Add Class Member: Failed to add class member : Component C2 100uF
Add Class Member: Failed to add class member : Component C3 1uF
Add Class Member: Failed to add class member : Component C4 22uF
Add Class Member: Failed to add class member : Component C5 22uF
Add Class Member: Failed to add class member : Component C6 10pF
Add Class Member: Failed to add class member : Component C7 1nF
Add Class Member: Failed to add class member : Component C8 6.8nF
Add Class Member: Failed to add class member : Component C9 100uF
Add Class Member: Failed to add class member : Component C10 22uF
Add Class Member: Failed to add class member : Component C11 1uF
Add Class Member: Failed to add class member : Component C12 10pF
Add Class Member: Failed to add class member : Component C13 6.8nF
Add Class Member: Failed to add class member : Component C14 1nF
Add Class Member: Failed to add class member : Component C15 22uF
Add Class Member: Failed to add class member : Component C16 22uF
Add Class Member: Failed to add class member : Component C17 22uF
Add Class Member: Failed to add class member : Component C18 100uF
Add Class Member: Failed to add class member : Component C19 1uF
Add Class Member: Failed to add class member : Component C20 10pF
Add Class Member: Failed to add class member : Component C21 6.8nF
Add Class Member: Failed to add class member : Component C22 1nF
Add Class Member: Failed to add class member : Component C23 22uF
Add Class Member: Failed to add class member : Component C24 22uF
Added Member To Class: ClassName=Overview Member=Component R2 200
Added Member To Class: ClassName=Overview Member=Component R3 20k
Added Member To Class: ClassName=Overview Member=Component R4 20k
Add Class Member: Failed to add class member : Component R5 10k
Add Class Member: Failed to add class member : Component R6A 12k
Add Class Member: Failed to add class member : Component R6B 1k
Add Class Member: Failed to add class member : Component R7 20
Add Class Member: Failed to add class member : Component R8 200
Add Class Member: Failed to add class member : Component R9 20k
Add Class Member: Failed to add class member : Component R10 20k
Add Class Member: Failed to add class member : Component R11 15k
Add Class Member: Failed to add class member : Component R13 20
Add Class Member: Failed to add class member : Component R14 200
Add Class Member: Failed to add class member : Component R15 20k
Add Class Member: Failed to add class member : Component R16 20k
Add Class Member: Failed to add class member : Component R17 13k
Add Class Member: Failed to add class member : Component R18 20k
Add Class Member: Failed to add class member : Component R19 330k
Add Class Member: Failed to add class member : Component R20 270k
Add Class Member: Failed to add class member : Component R21 3.9k
Add Class Member: Failed to add class member : Component R22 10k
Add Class Member: Failed to add class member : Component R23 330k
Add Class Member: Failed to add class member : Component R24 270k
Add Class Member: Failed to add class member : Component R25 3.9k
Add Class Member: Failed to add class member : Component R26 33k
Add Class Member: Failed to add class member : Component R27 10k
Add Class Member: Failed to add class member : Component R28 330k
Add Class Member: Failed to add class member : Component R29 270k
Add Class Member: Failed to add class member : Component R30 3.9k
Add Class Member: Failed to add class member : Component R31 *
Add Class Member: Failed to add class member : Component R32 *
Add Class Member: Failed to add class member : Component R33 *
Add Class Member: Failed to add class member : Component R34 *
Add Class Member: Failed to add class member : Component R35 *
Add Class Member: Failed to add class member : Component R36 *
Added Member To Class: ClassName=Overview Member=Component R? *
Added Member To Class: ClassName=Overview Member=Component SW? ANT11SF1CQE
Added Member To Class: ClassName=Overview Member=Component SW? ANT11SF1CQE
Add Class Member: Failed to add class member : Component U1 MP2393GTL-Z
Add Class Member: Failed to add class member : Component U2 MP2393GTL-Z
Add Class Member: Failed to add class member : Component U? MP2393GTL-Z
