Added Component: Designator=U1(SOT-583-2.1mmx1.6mmBody-0.6mm)
Add component (AddParameter): Name = "MF Part No."; Value = "MP2393GTL-Z"; VariantName = "[No Variations]"
Add component (AddParameter): Name = "Package"; Value = "SOT-583"; VariantName = "[No Variations]"
Add component (AddParameter): Name = "Rated Voltage"; Value = "24V"; VariantName = "[No Variations]"
Add component (AddParameter): Name = "Supplier 1"; Value = "Digikey"; VariantName = "[No Variations]"
Add component (AddParameter): Name = "Supplier 1 Part No."; Value = "1589-MP2393GTL-ZCT-ND"; VariantName = "[No Variations]"
Add component (AddParameter): Name = "Supplier 2"; Value = ""; VariantName = "[No Variations]"
Add component (AddParameter): Name = "Supplier 2 Part No."; Value = ""; VariantName = "[No Variations]"
Add component (AddParameter): Name = "Temp Range"; Value = "-40°C ~ 125°C (TA)"; VariantName = "[No Variations]"
Added Component: Designator=U2(SOT-583-2.1mmx1.6mmBody-0.6mm)
Add component (AddParameter): Name = "MF Part No."; Value = "MP2393GTL-Z"; VariantName = "[No Variations]"
Add component (AddParameter): Name = "Package"; Value = "SOT-583"; VariantName = "[No Variations]"
Add component (AddParameter): Name = "Rated Voltage"; Value = "24V"; VariantName = "[No Variations]"
Add component (AddParameter): Name = "Supplier 1"; Value = "Digikey"; VariantName = "[No Variations]"
Add component (AddParameter): Name = "Supplier 1 Part No."; Value = "1589-MP2393GTL-ZCT-ND"; VariantName = "[No Variations]"
Add component (AddParameter): Name = "Supplier 2"; Value = ""; VariantName = "[No Variations]"
Add component (AddParameter): Name = "Supplier 2 Part No."; Value = ""; VariantName = "[No Variations]"
Add component (AddParameter): Name = "Temp Range"; Value = "-40°C ~ 125°C (TA)"; VariantName = "[No Variations]"
Added Component: Designator=U3(SOT-583-2.1mmx1.6mmBody-0.6mm)
Add component (AddParameter): Name = "MF Part No."; Value = "MP2393GTL-Z"; VariantName = "[No Variations]"
Add component (AddParameter): Name = "Package"; Value = "SOT-583"; VariantName = "[No Variations]"
Add component (AddParameter): Name = "Rated Voltage"; Value = "24V"; VariantName = "[No Variations]"
Add component (AddParameter): Name = "Supplier 1"; Value = "Digikey"; VariantName = "[No Variations]"
Add component (AddParameter): Name = "Supplier 1 Part No."; Value = "1589-MP2393GTL-ZCT-ND"; VariantName = "[No Variations]"
Add component (AddParameter): Name = "Supplier 2"; Value = ""; VariantName = "[No Variations]"
Add component (AddParameter): Name = "Supplier 2 Part No."; Value = ""; VariantName = "[No Variations]"
Add component (AddParameter): Name = "Temp Range"; Value = "-40°C ~ 125°C (TA)"; VariantName = "[No Variations]"
Added Pin To Net: NetName=3V3_PG Pin=U1-1
Added Pin To Net: NetName=3V3_IN Pin=U1-2
Added Pin To Net: NetName=NetC3_1 Pin=U1-3
Added Pin To Net: NetName=GND Pin=U1-4
Added Pin To Net: NetName=NetR1_1 Pin=U1-5
Added Pin To Net: NetName=3V3_EN Pin=U1-6
Added Pin To Net: NetName=NetC8_2 Pin=U1-7
Added Pin To Net: NetName=NetR5_1 Pin=U1-8
Added Pin To Net: NetName=5V_PG Pin=U2-1
Added Pin To Net: NetName=5V_IN Pin=U2-2
Added Pin To Net: NetName=NetC11_1 Pin=U2-3
Added Pin To Net: NetName=GND Pin=U2-4
Added Pin To Net: NetName=NetR7_1 Pin=U2-5
Added Pin To Net: NetName=5V_EN Pin=U2-6
Added Pin To Net: NetName=NetC13_2 Pin=U2-7
Added Pin To Net: NetName=NetR11_1 Pin=U2-8
Added Pin To Net: NetName=8V_PG Pin=U3-1
Added Pin To Net: NetName=8V_IN Pin=U3-2
Added Pin To Net: NetName=NetC19_1 Pin=U3-3
Added Pin To Net: NetName=GND Pin=U3-4
Added Pin To Net: NetName=NetR13_1 Pin=U3-5
Added Pin To Net: NetName=8V_EN Pin=U3-6
Added Pin To Net: NetName=NetC21_2 Pin=U3-7
Added Pin To Net: NetName=NetR18A_1 Pin=U3-8
Added Member To Class: ClassName=Overview Member=Component R7 20
Added Member To Class: ClassName=Overview Member=Component U1 MP2393GTL-Z
Added Member To Class: ClassName=Overview Member=Component U2 MP2393GTL-Z
Added Member To Class: ClassName=Overview Member=Component U3 MP2393GTL-Z
